/home/johnyeap01/colcon_ws/src/auto_nav/install/auto_nav/lib/python3.8/site-packages/auto_nav/__init__.py
/home/johnyeap01/colcon_ws/src/auto_nav/install/auto_nav/lib/python3.8/site-packages/auto_nav/r2mover.py
/home/johnyeap01/colcon_ws/src/auto_nav/install/auto_nav/lib/python3.8/site-packages/auto_nav/map2base.py
/home/johnyeap01/colcon_ws/src/auto_nav/install/auto_nav/lib/python3.8/site-packages/auto_nav/scanner.py
/home/johnyeap01/colcon_ws/src/auto_nav/install/auto_nav/lib/python3.8/site-packages/auto_nav/hello1.py
/home/johnyeap01/colcon_ws/src/auto_nav/install/auto_nav/lib/python3.8/site-packages/auto_nav/setup.py
/home/johnyeap01/colcon_ws/src/auto_nav/install/auto_nav/lib/python3.8/site-packages/auto_nav/r2occupancy2.py
/home/johnyeap01/colcon_ws/src/auto_nav/install/auto_nav/lib/python3.8/site-packages/auto_nav/move.py
/home/johnyeap01/colcon_ws/src/auto_nav/install/auto_nav/lib/python3.8/site-packages/auto_nav/helloworld.py
/home/johnyeap01/colcon_ws/src/auto_nav/install/auto_nav/lib/python3.8/site-packages/auto_nav/r2auto_nav.py
/home/johnyeap01/colcon_ws/src/auto_nav/install/auto_nav/lib/python3.8/site-packages/auto_nav/r2moverotate.py
/home/johnyeap01/colcon_ws/src/auto_nav/install/auto_nav/lib/python3.8/site-packages/auto_nav/r2occupancy.py
/home/johnyeap01/colcon_ws/src/auto_nav/install/auto_nav/lib/python3.8/site-packages/auto_nav/r2scanner.py
/home/johnyeap01/colcon_ws/src/auto_nav/install/auto_nav/lib/python3.8/site-packages/auto_nav/auto_nav.py
/home/johnyeap01/colcon_ws/src/auto_nav/install/auto_nav/lib/python3.8/site-packages/auto_nav/__pycache__/__init__.cpython-38.pyc
/home/johnyeap01/colcon_ws/src/auto_nav/install/auto_nav/lib/python3.8/site-packages/auto_nav/__pycache__/r2mover.cpython-38.pyc
/home/johnyeap01/colcon_ws/src/auto_nav/install/auto_nav/lib/python3.8/site-packages/auto_nav/__pycache__/map2base.cpython-38.pyc
/home/johnyeap01/colcon_ws/src/auto_nav/install/auto_nav/lib/python3.8/site-packages/auto_nav/__pycache__/scanner.cpython-38.pyc
/home/johnyeap01/colcon_ws/src/auto_nav/install/auto_nav/lib/python3.8/site-packages/auto_nav/__pycache__/hello1.cpython-38.pyc
/home/johnyeap01/colcon_ws/src/auto_nav/install/auto_nav/lib/python3.8/site-packages/auto_nav/__pycache__/setup.cpython-38.pyc
/home/johnyeap01/colcon_ws/src/auto_nav/install/auto_nav/lib/python3.8/site-packages/auto_nav/__pycache__/r2occupancy2.cpython-38.pyc
/home/johnyeap01/colcon_ws/src/auto_nav/install/auto_nav/lib/python3.8/site-packages/auto_nav/__pycache__/move.cpython-38.pyc
/home/johnyeap01/colcon_ws/src/auto_nav/install/auto_nav/lib/python3.8/site-packages/auto_nav/__pycache__/helloworld.cpython-38.pyc
/home/johnyeap01/colcon_ws/src/auto_nav/install/auto_nav/lib/python3.8/site-packages/auto_nav/__pycache__/r2auto_nav.cpython-38.pyc
/home/johnyeap01/colcon_ws/src/auto_nav/install/auto_nav/lib/python3.8/site-packages/auto_nav/__pycache__/r2moverotate.cpython-38.pyc
/home/johnyeap01/colcon_ws/src/auto_nav/install/auto_nav/lib/python3.8/site-packages/auto_nav/__pycache__/r2occupancy.cpython-38.pyc
/home/johnyeap01/colcon_ws/src/auto_nav/install/auto_nav/lib/python3.8/site-packages/auto_nav/__pycache__/r2scanner.cpython-38.pyc
/home/johnyeap01/colcon_ws/src/auto_nav/install/auto_nav/lib/python3.8/site-packages/auto_nav/__pycache__/auto_nav.cpython-38.pyc
/home/johnyeap01/colcon_ws/src/auto_nav/install/auto_nav/share/ament_index/resource_index/packages/auto_nav
/home/johnyeap01/colcon_ws/src/auto_nav/install/auto_nav/share/auto_nav/package.xml
/home/johnyeap01/colcon_ws/src/auto_nav/install/auto_nav/lib/python3.8/site-packages/auto_nav-0.0.0-py3.8.egg-info/dependency_links.txt
/home/johnyeap01/colcon_ws/src/auto_nav/install/auto_nav/lib/python3.8/site-packages/auto_nav-0.0.0-py3.8.egg-info/entry_points.txt
/home/johnyeap01/colcon_ws/src/auto_nav/install/auto_nav/lib/python3.8/site-packages/auto_nav-0.0.0-py3.8.egg-info/SOURCES.txt
/home/johnyeap01/colcon_ws/src/auto_nav/install/auto_nav/lib/python3.8/site-packages/auto_nav-0.0.0-py3.8.egg-info/zip-safe
/home/johnyeap01/colcon_ws/src/auto_nav/install/auto_nav/lib/python3.8/site-packages/auto_nav-0.0.0-py3.8.egg-info/top_level.txt
/home/johnyeap01/colcon_ws/src/auto_nav/install/auto_nav/lib/python3.8/site-packages/auto_nav-0.0.0-py3.8.egg-info/requires.txt
/home/johnyeap01/colcon_ws/src/auto_nav/install/auto_nav/lib/python3.8/site-packages/auto_nav-0.0.0-py3.8.egg-info/PKG-INFO
/home/johnyeap01/colcon_ws/src/auto_nav/install/auto_nav/lib/auto_nav/diyauto
/home/johnyeap01/colcon_ws/src/auto_nav/install/auto_nav/lib/auto_nav/map2base
/home/johnyeap01/colcon_ws/src/auto_nav/install/auto_nav/lib/auto_nav/move
/home/johnyeap01/colcon_ws/src/auto_nav/install/auto_nav/lib/auto_nav/r2auto_nav
/home/johnyeap01/colcon_ws/src/auto_nav/install/auto_nav/lib/auto_nav/r2mover
/home/johnyeap01/colcon_ws/src/auto_nav/install/auto_nav/lib/auto_nav/r2moverotate
/home/johnyeap01/colcon_ws/src/auto_nav/install/auto_nav/lib/auto_nav/r2occupancy
/home/johnyeap01/colcon_ws/src/auto_nav/install/auto_nav/lib/auto_nav/r2occupancy2
/home/johnyeap01/colcon_ws/src/auto_nav/install/auto_nav/lib/auto_nav/r2scanner
/home/johnyeap01/colcon_ws/src/auto_nav/install/auto_nav/lib/auto_nav/scanner
