[4.790s] DEBUG:colcon:Command line arguments: ['/usr/bin/colcon', 'build', '--packages-select', 'auto_nav']
[4.790s] DEBUG:colcon:Parsed command line arguments: Namespace(allow_overriding=[], ament_cmake_args=None, base_paths=['.'], build_base='build', catkin_cmake_args=None, catkin_skip_building_tests=False, cmake_args=None, cmake_clean_cache=False, cmake_clean_first=False, cmake_force_configure=False, cmake_target=None, cmake_target_skip_unavailable=False, continue_on_error=False, event_handlers=None, executor='parallel', ignore_user_meta=False, install_base='install', log_base=None, log_level=None, main=<bound method BuildVerb.main of <colcon_core.verb.build.BuildVerb object at 0x7f3abcb36b50>>, merge_install=False, metas=['./colcon.meta'], packages_above=None, packages_above_and_dependencies=None, packages_above_depth=None, packages_end=None, packages_ignore=None, packages_ignore_regex=None, packages_select=['auto_nav'], packages_select_build_failed=False, packages_select_by_dep=None, packages_select_regex=None, packages_select_test_failures=False, packages_skip=None, packages_skip_build_finished=False, packages_skip_by_dep=None, packages_skip_regex=None, packages_skip_test_passed=False, packages_skip_up_to=None, packages_start=None, packages_up_to=None, packages_up_to_regex=None, parallel_workers=4, paths=None, symlink_install=False, test_result_base=None, verb_extension=<colcon_core.verb.build.BuildVerb object at 0x7f3abcb36b50>, verb_name='build', verb_parser=<colcon_defaults.argument_parser.defaults.DefaultArgumentsDecorator object at 0x7f3abc713610>)
[5.022s] Level 1:colcon.colcon_core.package_discovery:discover_packages(colcon_meta) check parameters
[5.023s] Level 1:colcon.colcon_core.package_discovery:discover_packages(recursive) check parameters
[5.023s] Level 1:colcon.colcon_core.package_discovery:discover_packages(ignore) check parameters
[5.024s] Level 1:colcon.colcon_core.package_discovery:discover_packages(path) check parameters
[5.024s] Level 1:colcon.colcon_core.package_discovery:discover_packages(colcon_meta) discover
[5.024s] Level 1:colcon.colcon_core.package_discovery:discover_packages(recursive) discover
[5.024s] INFO:colcon.colcon_core.package_discovery:Crawling recursively for packages in '/home/johnyeap01/colcon_ws/src/auto_nav'
[5.025s] Level 1:colcon.colcon_core.package_identification:_identify(.) by extensions ['ignore', 'ignore_ament_install']
[5.025s] Level 1:colcon.colcon_core.package_identification:_identify(.) by extension 'ignore'
[5.025s] Level 1:colcon.colcon_core.package_identification:_identify(.) by extension 'ignore_ament_install'
[5.025s] Level 1:colcon.colcon_core.package_identification:_identify(.) by extensions ['colcon_pkg']
[5.025s] Level 1:colcon.colcon_core.package_identification:_identify(.) by extension 'colcon_pkg'
[5.025s] Level 1:colcon.colcon_core.package_identification:_identify(.) by extensions ['colcon_meta']
[5.025s] Level 1:colcon.colcon_core.package_identification:_identify(.) by extension 'colcon_meta'
[5.026s] Level 1:colcon.colcon_core.package_identification:_identify(.) by extensions ['ros']
[5.026s] Level 1:colcon.colcon_core.package_identification:_identify(.) by extension 'ros'
[5.047s] DEBUG:colcon.colcon_core.package_identification:Package '.' with type 'ros.ament_python' and name 'auto_nav'
[5.048s] Level 1:colcon.colcon_core.package_discovery:discover_packages(recursive) using defaults
[5.048s] Level 1:colcon.colcon_core.package_discovery:discover_packages(ignore) discover
[5.048s] Level 1:colcon.colcon_core.package_discovery:discover_packages(ignore) using defaults
[5.048s] Level 1:colcon.colcon_core.package_discovery:discover_packages(path) discover
[5.048s] Level 1:colcon.colcon_core.package_discovery:discover_packages(path) using defaults
[5.486s] Level 1:colcon.colcon_core.package_discovery:discover_packages(prefix_path) check parameters
[5.486s] Level 1:colcon.colcon_core.package_discovery:discover_packages(prefix_path) discover
[5.643s] DEBUG:colcon.colcon_installed_package_information.package_discovery:Found 1 installed packages in /home/johnyeap01/colcon_ws/src/auto_nav/install
[5.733s] DEBUG:colcon.colcon_installed_package_information.package_discovery:Found 6 installed packages in /home/johnyeap01/colcon_ws/install
[5.812s] DEBUG:colcon.colcon_installed_package_information.package_discovery:Found 334 installed packages in /opt/ros/foxy
[5.818s] Level 1:colcon.colcon_core.package_discovery:discover_packages(prefix_path) using defaults
[6.164s] Level 5:colcon.colcon_core.verb:set package 'auto_nav' build argument 'cmake_args' from command line to 'None'
[6.165s] Level 5:colcon.colcon_core.verb:set package 'auto_nav' build argument 'cmake_target' from command line to 'None'
[6.165s] Level 5:colcon.colcon_core.verb:set package 'auto_nav' build argument 'cmake_target_skip_unavailable' from command line to 'False'
[6.166s] Level 5:colcon.colcon_core.verb:set package 'auto_nav' build argument 'cmake_clean_cache' from command line to 'False'
[6.166s] Level 5:colcon.colcon_core.verb:set package 'auto_nav' build argument 'cmake_clean_first' from command line to 'False'
[6.166s] Level 5:colcon.colcon_core.verb:set package 'auto_nav' build argument 'cmake_force_configure' from command line to 'False'
[6.166s] Level 5:colcon.colcon_core.verb:set package 'auto_nav' build argument 'ament_cmake_args' from command line to 'None'
[6.166s] Level 5:colcon.colcon_core.verb:set package 'auto_nav' build argument 'catkin_cmake_args' from command line to 'None'
[6.166s] Level 5:colcon.colcon_core.verb:set package 'auto_nav' build argument 'catkin_skip_building_tests' from command line to 'False'
[6.166s] DEBUG:colcon.colcon_core.verb:Building package 'auto_nav' with the following arguments: {'ament_cmake_args': None, 'build_base': '/home/johnyeap01/colcon_ws/src/auto_nav/build/auto_nav', 'catkin_cmake_args': None, 'catkin_skip_building_tests': False, 'cmake_args': None, 'cmake_clean_cache': False, 'cmake_clean_first': False, 'cmake_force_configure': False, 'cmake_target': None, 'cmake_target_skip_unavailable': False, 'install_base': '/home/johnyeap01/colcon_ws/src/auto_nav/install/auto_nav', 'merge_install': False, 'path': '/home/johnyeap01/colcon_ws/src/auto_nav', 'symlink_install': False, 'test_result_base': None}
[6.244s] INFO:colcon.colcon_core.executor:Executing jobs using 'parallel' executor
[6.347s] DEBUG:colcon.colcon_parallel_executor.executor.parallel:run_until_complete
[6.350s] INFO:colcon.colcon_ros.task.ament_python.build:Building ROS package in '/home/johnyeap01/colcon_ws/src/auto_nav' with build type 'ament_python'
[6.350s] Level 1:colcon.colcon_core.shell:create_environment_hook('auto_nav', 'ament_prefix_path')
[6.428s] INFO:colcon.colcon_core.plugin_system:Skipping extension 'colcon_core.shell.bat': Not used on non-Windows systems
[6.428s] INFO:colcon.colcon_core.shell:Creating environment hook '/home/johnyeap01/colcon_ws/src/auto_nav/install/auto_nav/share/auto_nav/hook/ament_prefix_path.ps1'
[6.429s] INFO:colcon.colcon_core.shell:Creating environment descriptor '/home/johnyeap01/colcon_ws/src/auto_nav/install/auto_nav/share/auto_nav/hook/ament_prefix_path.dsv'
[6.429s] INFO:colcon.colcon_core.shell:Creating environment hook '/home/johnyeap01/colcon_ws/src/auto_nav/install/auto_nav/share/auto_nav/hook/ament_prefix_path.sh'
[6.513s] INFO:colcon.colcon_core.shell:Skip shell extension 'powershell' for command environment: Not usable outside of PowerShell
[6.514s] DEBUG:colcon.colcon_core.shell:Skip shell extension 'dsv' for command environment
[7.402s] INFO:colcon.colcon_core.task.python.build:Building Python package in '/home/johnyeap01/colcon_ws/src/auto_nav'
[7.520s] INFO:colcon.colcon_core.shell:Skip shell extension 'powershell' for command environment: Not usable outside of PowerShell
[7.520s] DEBUG:colcon.colcon_core.shell:Skip shell extension 'dsv' for command environment
[8.880s] DEBUG:colcon.colcon_core.event_handler.log_command:Invoking command in '/home/johnyeap01/colcon_ws/src/auto_nav': CONDA_PROMPT_MODIFIER=(base) PYTHONPATH=/home/johnyeap01/colcon_ws/src/auto_nav/build/auto_nav/prefix_override:/home/johnyeap01/colcon_ws/src/auto_nav/install/auto_nav/lib/python3.8/site-packages:${PYTHONPATH} /usr/bin/python3 setup.py egg_info --egg-base build/auto_nav build --build-base /home/johnyeap01/colcon_ws/src/auto_nav/build/auto_nav/build install --record /home/johnyeap01/colcon_ws/src/auto_nav/build/auto_nav/install.log --install-scripts $base/lib/auto_nav --single-version-externally-managed
[9.677s] DEBUG:colcon.colcon_core.event_handler.log_command:Invoked command in '/home/johnyeap01/colcon_ws/src/auto_nav' returned '0': CONDA_PROMPT_MODIFIER=(base) PYTHONPATH=/home/johnyeap01/colcon_ws/src/auto_nav/build/auto_nav/prefix_override:/home/johnyeap01/colcon_ws/src/auto_nav/install/auto_nav/lib/python3.8/site-packages:${PYTHONPATH} /usr/bin/python3 setup.py egg_info --egg-base build/auto_nav build --build-base /home/johnyeap01/colcon_ws/src/auto_nav/build/auto_nav/build install --record /home/johnyeap01/colcon_ws/src/auto_nav/build/auto_nav/install.log --install-scripts $base/lib/auto_nav --single-version-externally-managed
[9.759s] Level 1:colcon.colcon_core.environment:checking '/home/johnyeap01/colcon_ws/src/auto_nav/install/auto_nav' for CMake module files
[9.760s] Level 1:colcon.colcon_core.environment:checking '/home/johnyeap01/colcon_ws/src/auto_nav/install/auto_nav' for CMake config files
[9.761s] Level 1:colcon.colcon_core.environment:checking '/home/johnyeap01/colcon_ws/src/auto_nav/install/auto_nav/lib'
[9.761s] Level 1:colcon.colcon_core.environment:checking '/home/johnyeap01/colcon_ws/src/auto_nav/install/auto_nav/bin'
[9.761s] Level 1:colcon.colcon_core.environment:checking '/home/johnyeap01/colcon_ws/src/auto_nav/install/auto_nav/lib/pkgconfig/auto_nav.pc'
[9.762s] Level 1:colcon.colcon_core.environment:checking '/home/johnyeap01/colcon_ws/src/auto_nav/install/auto_nav/lib/python3.8/site-packages'
[9.762s] Level 1:colcon.colcon_core.shell:create_environment_hook('auto_nav', 'pythonpath')
[9.832s] INFO:colcon.colcon_core.shell:Creating environment hook '/home/johnyeap01/colcon_ws/src/auto_nav/install/auto_nav/share/auto_nav/hook/pythonpath.ps1'
[9.833s] INFO:colcon.colcon_core.shell:Creating environment descriptor '/home/johnyeap01/colcon_ws/src/auto_nav/install/auto_nav/share/auto_nav/hook/pythonpath.dsv'
[9.834s] INFO:colcon.colcon_core.shell:Creating environment hook '/home/johnyeap01/colcon_ws/src/auto_nav/install/auto_nav/share/auto_nav/hook/pythonpath.sh'
[9.835s] Level 1:colcon.colcon_core.environment:checking '/home/johnyeap01/colcon_ws/src/auto_nav/install/auto_nav/bin'
[9.836s] Level 1:colcon.colcon_core.environment:create_environment_scripts_only(auto_nav)
[9.905s] INFO:colcon.colcon_core.shell:Creating package script '/home/johnyeap01/colcon_ws/src/auto_nav/install/auto_nav/share/auto_nav/package.ps1'
[9.907s] INFO:colcon.colcon_core.shell:Creating package descriptor '/home/johnyeap01/colcon_ws/src/auto_nav/install/auto_nav/share/auto_nav/package.dsv'
[9.908s] INFO:colcon.colcon_core.shell:Creating package script '/home/johnyeap01/colcon_ws/src/auto_nav/install/auto_nav/share/auto_nav/package.sh'
[9.911s] INFO:colcon.colcon_core.shell:Creating package script '/home/johnyeap01/colcon_ws/src/auto_nav/install/auto_nav/share/auto_nav/package.bash'
[9.913s] INFO:colcon.colcon_core.shell:Creating package script '/home/johnyeap01/colcon_ws/src/auto_nav/install/auto_nav/share/auto_nav/package.zsh'
[9.914s] Level 1:colcon.colcon_core.environment:create_file_with_runtime_dependencies(/home/johnyeap01/colcon_ws/src/auto_nav/install/auto_nav/share/colcon-core/packages/auto_nav)
[9.914s] DEBUG:colcon.colcon_parallel_executor.executor.parallel:closing loop
[9.915s] DEBUG:colcon.colcon_parallel_executor.executor.parallel:loop closed
[9.915s] DEBUG:colcon.colcon_parallel_executor.executor.parallel:run_until_complete finished with '0'
[9.915s] DEBUG:colcon.colcon_core.event_reactor:joining thread
[10.005s] INFO:colcon.colcon_core.plugin_system:Skipping extension 'colcon_notification.desktop_notification.terminal_notifier': Not used on non-Darwin systems
[10.005s] INFO:colcon.colcon_core.plugin_system:Skipping extension 'colcon_notification.desktop_notification.win32': Not used on non-Windows systems
[10.005s] INFO:colcon.colcon_notification.desktop_notification:Sending desktop notification using 'notify2'
[10.029s] DEBUG:colcon.colcon_core.event_reactor:joined thread
[10.116s] INFO:colcon.colcon_core.shell:Creating prefix script '/home/johnyeap01/colcon_ws/src/auto_nav/install/local_setup.ps1'
[10.118s] INFO:colcon.colcon_core.shell:Creating prefix util module '/home/johnyeap01/colcon_ws/src/auto_nav/install/_local_setup_util_ps1.py'
[10.120s] INFO:colcon.colcon_core.shell:Creating prefix chain script '/home/johnyeap01/colcon_ws/src/auto_nav/install/setup.ps1'
[10.209s] INFO:colcon.colcon_core.shell:Creating prefix script '/home/johnyeap01/colcon_ws/src/auto_nav/install/local_setup.sh'
[10.210s] INFO:colcon.colcon_core.shell:Creating prefix util module '/home/johnyeap01/colcon_ws/src/auto_nav/install/_local_setup_util_sh.py'
[10.211s] INFO:colcon.colcon_core.shell:Creating prefix chain script '/home/johnyeap01/colcon_ws/src/auto_nav/install/setup.sh'
[10.292s] INFO:colcon.colcon_core.shell:Creating prefix script '/home/johnyeap01/colcon_ws/src/auto_nav/install/local_setup.bash'
[10.293s] INFO:colcon.colcon_core.shell:Creating prefix chain script '/home/johnyeap01/colcon_ws/src/auto_nav/install/setup.bash'
[10.375s] INFO:colcon.colcon_core.shell:Creating prefix script '/home/johnyeap01/colcon_ws/src/auto_nav/install/local_setup.zsh'
[10.376s] INFO:colcon.colcon_core.shell:Creating prefix chain script '/home/johnyeap01/colcon_ws/src/auto_nav/install/setup.zsh'
