[1.197s] Invoking command in '/home/johnyeap01/colcon_ws/src/auto_nav': CONDA_PROMPT_MODIFIER=(base) PYTHONPATH=/home/johnyeap01/colcon_ws/src/auto_nav/build/auto_nav/prefix_override:/home/johnyeap01/colcon_ws/src/auto_nav/install/auto_nav/lib/python3.8/site-packages:${PYTHONPATH} /usr/bin/python3 setup.py egg_info --egg-base build/auto_nav build --build-base /home/johnyeap01/colcon_ws/src/auto_nav/build/auto_nav/build install --record /home/johnyeap01/colcon_ws/src/auto_nav/build/auto_nav/install.log --install-scripts $base/lib/auto_nav --single-version-externally-managed
[1.442s] running egg_info
[1.443s] creating build/auto_nav/auto_nav.egg-info
[1.443s] writing build/auto_nav/auto_nav.egg-info/PKG-INFO
[1.444s] writing dependency_links to build/auto_nav/auto_nav.egg-info/dependency_links.txt
[1.444s] writing entry points to build/auto_nav/auto_nav.egg-info/entry_points.txt
[1.445s] writing requirements to build/auto_nav/auto_nav.egg-info/requires.txt
[1.445s] writing top-level names to build/auto_nav/auto_nav.egg-info/top_level.txt
[1.447s] writing manifest file 'build/auto_nav/auto_nav.egg-info/SOURCES.txt'
[1.487s] reading manifest file 'build/auto_nav/auto_nav.egg-info/SOURCES.txt'
[1.487s] writing manifest file 'build/auto_nav/auto_nav.egg-info/SOURCES.txt'
[1.488s] running build
[1.488s] running build_py
[1.488s] creating /home/johnyeap01/colcon_ws/src/auto_nav/build/auto_nav/build
[1.488s] creating /home/johnyeap01/colcon_ws/src/auto_nav/build/auto_nav/build/lib
[1.488s] creating /home/johnyeap01/colcon_ws/src/auto_nav/build/auto_nav/build/lib/auto_nav
[1.488s] copying auto_nav/__init__.py -> /home/johnyeap01/colcon_ws/src/auto_nav/build/auto_nav/build/lib/auto_nav
[1.489s] copying auto_nav/r2mover.py -> /home/johnyeap01/colcon_ws/src/auto_nav/build/auto_nav/build/lib/auto_nav
[1.498s] copying auto_nav/scanner.py -> /home/johnyeap01/colcon_ws/src/auto_nav/build/auto_nav/build/lib/auto_nav
[1.499s] copying auto_nav/hello1.py -> /home/johnyeap01/colcon_ws/src/auto_nav/build/auto_nav/build/lib/auto_nav
[1.499s] copying auto_nav/setup.py -> /home/johnyeap01/colcon_ws/src/auto_nav/build/auto_nav/build/lib/auto_nav
[1.499s] copying auto_nav/r2occupancy2.py -> /home/johnyeap01/colcon_ws/src/auto_nav/build/auto_nav/build/lib/auto_nav
[1.500s] copying auto_nav/move.py -> /home/johnyeap01/colcon_ws/src/auto_nav/build/auto_nav/build/lib/auto_nav
[1.500s] copying auto_nav/helloworld.py -> /home/johnyeap01/colcon_ws/src/auto_nav/build/auto_nav/build/lib/auto_nav
[1.500s] copying auto_nav/r2auto_nav.py -> /home/johnyeap01/colcon_ws/src/auto_nav/build/auto_nav/build/lib/auto_nav
[1.500s] copying auto_nav/r2moverotate.py -> /home/johnyeap01/colcon_ws/src/auto_nav/build/auto_nav/build/lib/auto_nav
[1.500s] copying auto_nav/r2occupancy.py -> /home/johnyeap01/colcon_ws/src/auto_nav/build/auto_nav/build/lib/auto_nav
[1.501s] copying auto_nav/r2scanner.py -> /home/johnyeap01/colcon_ws/src/auto_nav/build/auto_nav/build/lib/auto_nav
[1.501s] running install
[1.502s] running install_lib
[1.503s] creating /home/johnyeap01/colcon_ws/src/auto_nav/install/auto_nav/lib/python3.8/site-packages/auto_nav
[1.504s] copying /home/johnyeap01/colcon_ws/src/auto_nav/build/auto_nav/build/lib/auto_nav/__init__.py -> /home/johnyeap01/colcon_ws/src/auto_nav/install/auto_nav/lib/python3.8/site-packages/auto_nav
[1.504s] copying /home/johnyeap01/colcon_ws/src/auto_nav/build/auto_nav/build/lib/auto_nav/r2mover.py -> /home/johnyeap01/colcon_ws/src/auto_nav/install/auto_nav/lib/python3.8/site-packages/auto_nav
[1.504s] copying /home/johnyeap01/colcon_ws/src/auto_nav/build/auto_nav/build/lib/auto_nav/scanner.py -> /home/johnyeap01/colcon_ws/src/auto_nav/install/auto_nav/lib/python3.8/site-packages/auto_nav
[1.504s] copying /home/johnyeap01/colcon_ws/src/auto_nav/build/auto_nav/build/lib/auto_nav/hello1.py -> /home/johnyeap01/colcon_ws/src/auto_nav/install/auto_nav/lib/python3.8/site-packages/auto_nav
[1.505s] copying /home/johnyeap01/colcon_ws/src/auto_nav/build/auto_nav/build/lib/auto_nav/setup.py -> /home/johnyeap01/colcon_ws/src/auto_nav/install/auto_nav/lib/python3.8/site-packages/auto_nav
[1.505s] copying /home/johnyeap01/colcon_ws/src/auto_nav/build/auto_nav/build/lib/auto_nav/r2occupancy2.py -> /home/johnyeap01/colcon_ws/src/auto_nav/install/auto_nav/lib/python3.8/site-packages/auto_nav
[1.505s] copying /home/johnyeap01/colcon_ws/src/auto_nav/build/auto_nav/build/lib/auto_nav/move.py -> /home/johnyeap01/colcon_ws/src/auto_nav/install/auto_nav/lib/python3.8/site-packages/auto_nav
[1.505s] copying /home/johnyeap01/colcon_ws/src/auto_nav/build/auto_nav/build/lib/auto_nav/helloworld.py -> /home/johnyeap01/colcon_ws/src/auto_nav/install/auto_nav/lib/python3.8/site-packages/auto_nav
[1.505s] copying /home/johnyeap01/colcon_ws/src/auto_nav/build/auto_nav/build/lib/auto_nav/r2auto_nav.py -> /home/johnyeap01/colcon_ws/src/auto_nav/install/auto_nav/lib/python3.8/site-packages/auto_nav
[1.505s] copying /home/johnyeap01/colcon_ws/src/auto_nav/build/auto_nav/build/lib/auto_nav/r2moverotate.py -> /home/johnyeap01/colcon_ws/src/auto_nav/install/auto_nav/lib/python3.8/site-packages/auto_nav
[1.506s] copying /home/johnyeap01/colcon_ws/src/auto_nav/build/auto_nav/build/lib/auto_nav/r2occupancy.py -> /home/johnyeap01/colcon_ws/src/auto_nav/install/auto_nav/lib/python3.8/site-packages/auto_nav
[1.506s] copying /home/johnyeap01/colcon_ws/src/auto_nav/build/auto_nav/build/lib/auto_nav/r2scanner.py -> /home/johnyeap01/colcon_ws/src/auto_nav/install/auto_nav/lib/python3.8/site-packages/auto_nav
[1.506s] byte-compiling /home/johnyeap01/colcon_ws/src/auto_nav/install/auto_nav/lib/python3.8/site-packages/auto_nav/__init__.py to __init__.cpython-38.pyc
[1.507s] byte-compiling /home/johnyeap01/colcon_ws/src/auto_nav/install/auto_nav/lib/python3.8/site-packages/auto_nav/r2mover.py to r2mover.cpython-38.pyc
[1.508s] byte-compiling /home/johnyeap01/colcon_ws/src/auto_nav/install/auto_nav/lib/python3.8/site-packages/auto_nav/scanner.py to scanner.cpython-38.pyc
[1.509s] byte-compiling /home/johnyeap01/colcon_ws/src/auto_nav/install/auto_nav/lib/python3.8/site-packages/auto_nav/hello1.py to hello1.cpython-38.pyc
[1.509s] byte-compiling /home/johnyeap01/colcon_ws/src/auto_nav/install/auto_nav/lib/python3.8/site-packages/auto_nav/setup.py to setup.cpython-38.pyc
[1.509s] byte-compiling /home/johnyeap01/colcon_ws/src/auto_nav/install/auto_nav/lib/python3.8/site-packages/auto_nav/r2occupancy2.py to r2occupancy2.cpython-38.pyc
[1.510s] byte-compiling /home/johnyeap01/colcon_ws/src/auto_nav/install/auto_nav/lib/python3.8/site-packages/auto_nav/move.py to move.cpython-38.pyc
[1.511s] byte-compiling /home/johnyeap01/colcon_ws/src/auto_nav/install/auto_nav/lib/python3.8/site-packages/auto_nav/helloworld.py to helloworld.cpython-38.pyc
[1.512s] byte-compiling /home/johnyeap01/colcon_ws/src/auto_nav/install/auto_nav/lib/python3.8/site-packages/auto_nav/r2auto_nav.py to r2auto_nav.cpython-38.pyc
[1.513s] byte-compiling /home/johnyeap01/colcon_ws/src/auto_nav/install/auto_nav/lib/python3.8/site-packages/auto_nav/r2moverotate.py to r2moverotate.cpython-38.pyc
[1.514s] byte-compiling /home/johnyeap01/colcon_ws/src/auto_nav/install/auto_nav/lib/python3.8/site-packages/auto_nav/r2occupancy.py to r2occupancy.cpython-38.pyc
[1.514s] byte-compiling /home/johnyeap01/colcon_ws/src/auto_nav/install/auto_nav/lib/python3.8/site-packages/auto_nav/r2scanner.py to r2scanner.cpython-38.pyc
[1.515s] running install_data
[1.515s] creating /home/johnyeap01/colcon_ws/src/auto_nav/install/auto_nav/share/ament_index
[1.516s] creating /home/johnyeap01/colcon_ws/src/auto_nav/install/auto_nav/share/ament_index/resource_index
[1.516s] creating /home/johnyeap01/colcon_ws/src/auto_nav/install/auto_nav/share/ament_index/resource_index/packages
[1.516s] copying resource/auto_nav -> /home/johnyeap01/colcon_ws/src/auto_nav/install/auto_nav/share/ament_index/resource_index/packages
[1.516s] copying package.xml -> /home/johnyeap01/colcon_ws/src/auto_nav/install/auto_nav/share/auto_nav
[1.516s] running install_egg_info
[1.518s] Copying build/auto_nav/auto_nav.egg-info to /home/johnyeap01/colcon_ws/src/auto_nav/install/auto_nav/lib/python3.8/site-packages/auto_nav-0.0.0-py3.8.egg-info
[1.519s] running install_scripts
[1.538s] Installing move script to /home/johnyeap01/colcon_ws/src/auto_nav/install/auto_nav/lib/auto_nav
[1.539s] Installing r2auto_nav script to /home/johnyeap01/colcon_ws/src/auto_nav/install/auto_nav/lib/auto_nav
[1.539s] Installing r2mover script to /home/johnyeap01/colcon_ws/src/auto_nav/install/auto_nav/lib/auto_nav
[1.539s] Installing r2moverotate script to /home/johnyeap01/colcon_ws/src/auto_nav/install/auto_nav/lib/auto_nav
[1.539s] Installing r2occupancy script to /home/johnyeap01/colcon_ws/src/auto_nav/install/auto_nav/lib/auto_nav
[1.539s] Installing r2occupancy2 script to /home/johnyeap01/colcon_ws/src/auto_nav/install/auto_nav/lib/auto_nav
[1.539s] Installing r2scanner script to /home/johnyeap01/colcon_ws/src/auto_nav/install/auto_nav/lib/auto_nav
[1.539s] Installing scanner script to /home/johnyeap01/colcon_ws/src/auto_nav/install/auto_nav/lib/auto_nav
[1.540s] writing list of installed files to '/home/johnyeap01/colcon_ws/src/auto_nav/build/auto_nav/install.log'
[1.570s] Invoked command in '/home/johnyeap01/colcon_ws/src/auto_nav' returned '0': CONDA_PROMPT_MODIFIER=(base) PYTHONPATH=/home/johnyeap01/colcon_ws/src/auto_nav/build/auto_nav/prefix_override:/home/johnyeap01/colcon_ws/src/auto_nav/install/auto_nav/lib/python3.8/site-packages:${PYTHONPATH} /usr/bin/python3 setup.py egg_info --egg-base build/auto_nav build --build-base /home/johnyeap01/colcon_ws/src/auto_nav/build/auto_nav/build install --record /home/johnyeap01/colcon_ws/src/auto_nav/build/auto_nav/install.log --install-scripts $base/lib/auto_nav --single-version-externally-managed
