[1.866s] Invoking command in '/home/johnyeap01/colcon_ws/src/auto_nav': CONDA_PROMPT_MODIFIER=(base) PYTHONPATH=/home/johnyeap01/colcon_ws/src/auto_nav/build/auto_nav/prefix_override:/home/johnyeap01/colcon_ws/src/auto_nav/install/auto_nav/lib/python3.8/site-packages:${PYTHONPATH} /usr/bin/python3 setup.py egg_info --egg-base build/auto_nav build --build-base /home/johnyeap01/colcon_ws/src/auto_nav/build/auto_nav/build install --record /home/johnyeap01/colcon_ws/src/auto_nav/build/auto_nav/install.log --install-scripts $base/lib/auto_nav --single-version-externally-managed
[2.204s] running egg_info
[2.207s] writing build/auto_nav/auto_nav.egg-info/PKG-INFO
[2.207s] writing dependency_links to build/auto_nav/auto_nav.egg-info/dependency_links.txt
[2.207s] writing entry points to build/auto_nav/auto_nav.egg-info/entry_points.txt
[2.208s] writing requirements to build/auto_nav/auto_nav.egg-info/requires.txt
[2.208s] writing top-level names to build/auto_nav/auto_nav.egg-info/top_level.txt
[2.261s] reading manifest file 'build/auto_nav/auto_nav.egg-info/SOURCES.txt'
[2.263s] writing manifest file 'build/auto_nav/auto_nav.egg-info/SOURCES.txt'
[2.264s] running build
[2.264s] running build_py
[2.264s] copying auto_nav/move.py -> /home/johnyeap01/colcon_ws/src/auto_nav/build/auto_nav/build/lib/auto_nav
[2.265s] running install
[2.267s] running install_lib
[2.269s] copying /home/johnyeap01/colcon_ws/src/auto_nav/build/auto_nav/build/lib/auto_nav/move.py -> /home/johnyeap01/colcon_ws/src/auto_nav/install/auto_nav/lib/python3.8/site-packages/auto_nav
[2.270s] byte-compiling /home/johnyeap01/colcon_ws/src/auto_nav/install/auto_nav/lib/python3.8/site-packages/auto_nav/move.py to move.cpython-38.pyc
[2.276s] running install_data
[2.277s] running install_egg_info
[2.279s] removing '/home/johnyeap01/colcon_ws/src/auto_nav/install/auto_nav/lib/python3.8/site-packages/auto_nav-0.0.0-py3.8.egg-info' (and everything under it)
[2.279s] Copying build/auto_nav/auto_nav.egg-info to /home/johnyeap01/colcon_ws/src/auto_nav/install/auto_nav/lib/python3.8/site-packages/auto_nav-0.0.0-py3.8.egg-info
[2.280s] running install_scripts
[2.311s] Installing map2base script to /home/johnyeap01/colcon_ws/src/auto_nav/install/auto_nav/lib/auto_nav
[2.312s] Installing move script to /home/johnyeap01/colcon_ws/src/auto_nav/install/auto_nav/lib/auto_nav
[2.312s] Installing r2auto_nav script to /home/johnyeap01/colcon_ws/src/auto_nav/install/auto_nav/lib/auto_nav
[2.312s] Installing r2mover script to /home/johnyeap01/colcon_ws/src/auto_nav/install/auto_nav/lib/auto_nav
[2.312s] Installing r2moverotate script to /home/johnyeap01/colcon_ws/src/auto_nav/install/auto_nav/lib/auto_nav
[2.312s] Installing r2occupancy script to /home/johnyeap01/colcon_ws/src/auto_nav/install/auto_nav/lib/auto_nav
[2.312s] Installing r2occupancy2 script to /home/johnyeap01/colcon_ws/src/auto_nav/install/auto_nav/lib/auto_nav
[2.312s] Installing r2scanner script to /home/johnyeap01/colcon_ws/src/auto_nav/install/auto_nav/lib/auto_nav
[2.313s] Installing scanner script to /home/johnyeap01/colcon_ws/src/auto_nav/install/auto_nav/lib/auto_nav
[2.313s] writing list of installed files to '/home/johnyeap01/colcon_ws/src/auto_nav/build/auto_nav/install.log'
[2.358s] Invoked command in '/home/johnyeap01/colcon_ws/src/auto_nav' returned '0': CONDA_PROMPT_MODIFIER=(base) PYTHONPATH=/home/johnyeap01/colcon_ws/src/auto_nav/build/auto_nav/prefix_override:/home/johnyeap01/colcon_ws/src/auto_nav/install/auto_nav/lib/python3.8/site-packages:${PYTHONPATH} /usr/bin/python3 setup.py egg_info --egg-base build/auto_nav build --build-base /home/johnyeap01/colcon_ws/src/auto_nav/build/auto_nav/build install --record /home/johnyeap01/colcon_ws/src/auto_nav/build/auto_nav/install.log --install-scripts $base/lib/auto_nav --single-version-externally-managed
