[4.922s] Invoking command in '/home/johnyeap01/colcon_ws/src/auto_nav': CONDA_PROMPT_MODIFIER=(base) PYTHONPATH=/home/johnyeap01/colcon_ws/src/auto_nav/build/auto_nav/prefix_override:/home/johnyeap01/colcon_ws/src/auto_nav/install/auto_nav/lib/python3.8/site-packages:${PYTHONPATH} /usr/bin/python3 setup.py egg_info --egg-base build/auto_nav build --build-base /home/johnyeap01/colcon_ws/src/auto_nav/build/auto_nav/build install --record /home/johnyeap01/colcon_ws/src/auto_nav/build/auto_nav/install.log --install-scripts $base/lib/auto_nav --single-version-externally-managed
[5.864s] running egg_info
[5.867s] writing build/auto_nav/auto_nav.egg-info/PKG-INFO
[5.869s] writing dependency_links to build/auto_nav/auto_nav.egg-info/dependency_links.txt
[5.876s] writing entry points to build/auto_nav/auto_nav.egg-info/entry_points.txt
[5.878s] writing requirements to build/auto_nav/auto_nav.egg-info/requires.txt
[5.879s] writing top-level names to build/auto_nav/auto_nav.egg-info/top_level.txt
[6.024s] reading manifest file 'build/auto_nav/auto_nav.egg-info/SOURCES.txt'
[6.027s] writing manifest file 'build/auto_nav/auto_nav.egg-info/SOURCES.txt'
[6.027s] running build
[6.028s] running build_py
[6.032s] running install
[6.037s] running install_lib
[6.042s] running install_data
[6.047s] running install_egg_info
[6.052s] removing '/home/johnyeap01/colcon_ws/src/auto_nav/install/auto_nav/lib/python3.8/site-packages/auto_nav-0.0.0-py3.8.egg-info' (and everything under it)
[6.054s] Copying build/auto_nav/auto_nav.egg-info to /home/johnyeap01/colcon_ws/src/auto_nav/install/auto_nav/lib/python3.8/site-packages/auto_nav-0.0.0-py3.8.egg-info
[6.059s] running install_scripts
[6.130s] Installing map2base script to /home/johnyeap01/colcon_ws/src/auto_nav/install/auto_nav/lib/auto_nav
[6.130s] Installing move script to /home/johnyeap01/colcon_ws/src/auto_nav/install/auto_nav/lib/auto_nav
[6.133s] Installing r2auto_nav script to /home/johnyeap01/colcon_ws/src/auto_nav/install/auto_nav/lib/auto_nav
[6.135s] Installing r2mover script to /home/johnyeap01/colcon_ws/src/auto_nav/install/auto_nav/lib/auto_nav
[6.135s] Installing r2moverotate script to /home/johnyeap01/colcon_ws/src/auto_nav/install/auto_nav/lib/auto_nav
[6.135s] Installing r2occupancy script to /home/johnyeap01/colcon_ws/src/auto_nav/install/auto_nav/lib/auto_nav
[6.136s] Installing r2occupancy2 script to /home/johnyeap01/colcon_ws/src/auto_nav/install/auto_nav/lib/auto_nav
[6.137s] Installing r2scanner script to /home/johnyeap01/colcon_ws/src/auto_nav/install/auto_nav/lib/auto_nav
[6.137s] Installing scanner script to /home/johnyeap01/colcon_ws/src/auto_nav/install/auto_nav/lib/auto_nav
[6.137s] writing list of installed files to '/home/johnyeap01/colcon_ws/src/auto_nav/build/auto_nav/install.log'
[6.241s] Invoked command in '/home/johnyeap01/colcon_ws/src/auto_nav' returned '0': CONDA_PROMPT_MODIFIER=(base) PYTHONPATH=/home/johnyeap01/colcon_ws/src/auto_nav/build/auto_nav/prefix_override:/home/johnyeap01/colcon_ws/src/auto_nav/install/auto_nav/lib/python3.8/site-packages:${PYTHONPATH} /usr/bin/python3 setup.py egg_info --egg-base build/auto_nav build --build-base /home/johnyeap01/colcon_ws/src/auto_nav/build/auto_nav/build install --record /home/johnyeap01/colcon_ws/src/auto_nav/build/auto_nav/install.log --install-scripts $base/lib/auto_nav --single-version-externally-managed
