[5.126s] DEBUG:colcon:Command line arguments: ['/usr/bin/colcon', 'build', '--packages-select', 'auto_nav']
[5.126s] DEBUG:colcon:Parsed command line arguments: Namespace(allow_overriding=[], ament_cmake_args=None, base_paths=['.'], build_base='build', catkin_cmake_args=None, catkin_skip_building_tests=False, cmake_args=None, cmake_clean_cache=False, cmake_clean_first=False, cmake_force_configure=False, cmake_target=None, cmake_target_skip_unavailable=False, continue_on_error=False, event_handlers=None, executor='parallel', ignore_user_meta=False, install_base='install', log_base=None, log_level=None, main=<bound method BuildVerb.main of <colcon_core.verb.build.BuildVerb object at 0x7fe4d4344b50>>, merge_install=False, metas=['./colcon.meta'], packages_above=None, packages_above_and_dependencies=None, packages_above_depth=None, packages_end=None, packages_ignore=None, packages_ignore_regex=None, packages_select=['auto_nav'], packages_select_build_failed=False, packages_select_by_dep=None, packages_select_regex=None, packages_select_test_failures=False, packages_skip=None, packages_skip_build_finished=False, packages_skip_by_dep=None, packages_skip_regex=None, packages_skip_test_passed=False, packages_skip_up_to=None, packages_start=None, packages_up_to=None, packages_up_to_regex=None, parallel_workers=4, paths=None, symlink_install=False, test_result_base=None, verb_extension=<colcon_core.verb.build.BuildVerb object at 0x7fe4d4344b50>, verb_name='build', verb_parser=<colcon_defaults.argument_parser.defaults.DefaultArgumentsDecorator object at 0x7fe4d3f215e0>)
[5.353s] Level 1:colcon.colcon_core.package_discovery:discover_packages(colcon_meta) check parameters
[5.353s] Level 1:colcon.colcon_core.package_discovery:discover_packages(recursive) check parameters
[5.354s] Level 1:colcon.colcon_core.package_discovery:discover_packages(ignore) check parameters
[5.354s] Level 1:colcon.colcon_core.package_discovery:discover_packages(path) check parameters
[5.354s] Level 1:colcon.colcon_core.package_discovery:discover_packages(colcon_meta) discover
[5.354s] Level 1:colcon.colcon_core.package_discovery:discover_packages(recursive) discover
[5.354s] INFO:colcon.colcon_core.package_discovery:Crawling recursively for packages in '/home/johnyeap01/colcon_ws/src/auto_nav'
[5.354s] Level 1:colcon.colcon_core.package_identification:_identify(.) by extensions ['ignore', 'ignore_ament_install']
[5.355s] Level 1:colcon.colcon_core.package_identification:_identify(.) by extension 'ignore'
[5.355s] Level 1:colcon.colcon_core.package_identification:_identify(.) by extension 'ignore_ament_install'
[5.355s] Level 1:colcon.colcon_core.package_identification:_identify(.) by extensions ['colcon_pkg']
[5.355s] Level 1:colcon.colcon_core.package_identification:_identify(.) by extension 'colcon_pkg'
[5.355s] Level 1:colcon.colcon_core.package_identification:_identify(.) by extensions ['colcon_meta']
[5.355s] Level 1:colcon.colcon_core.package_identification:_identify(.) by extension 'colcon_meta'
[5.355s] Level 1:colcon.colcon_core.package_identification:_identify(.) by extensions ['ros']
[5.355s] Level 1:colcon.colcon_core.package_identification:_identify(.) by extension 'ros'
[5.382s] DEBUG:colcon.colcon_core.package_identification:Package '.' with type 'ros.ament_python' and name 'auto_nav'
[5.382s] Level 1:colcon.colcon_core.package_discovery:discover_packages(recursive) using defaults
[5.383s] Level 1:colcon.colcon_core.package_discovery:discover_packages(ignore) discover
[5.383s] Level 1:colcon.colcon_core.package_discovery:discover_packages(ignore) using defaults
[5.383s] Level 1:colcon.colcon_core.package_discovery:discover_packages(path) discover
[5.383s] Level 1:colcon.colcon_core.package_discovery:discover_packages(path) using defaults
[5.909s] Level 1:colcon.colcon_core.package_discovery:discover_packages(prefix_path) check parameters
[5.910s] Level 1:colcon.colcon_core.package_discovery:discover_packages(prefix_path) discover
[6.108s] DEBUG:colcon.colcon_installed_package_information.package_discovery:Found 1 installed packages in /home/johnyeap01/colcon_ws/src/auto_nav/install
[6.201s] DEBUG:colcon.colcon_installed_package_information.package_discovery:Found 6 installed packages in /home/johnyeap01/colcon_ws/install
[6.273s] DEBUG:colcon.colcon_installed_package_information.package_discovery:Found 334 installed packages in /opt/ros/foxy
[6.277s] Level 1:colcon.colcon_core.package_discovery:discover_packages(prefix_path) using defaults
[6.508s] Level 5:colcon.colcon_core.verb:set package 'auto_nav' build argument 'cmake_args' from command line to 'None'
[6.508s] Level 5:colcon.colcon_core.verb:set package 'auto_nav' build argument 'cmake_target' from command line to 'None'
[6.508s] Level 5:colcon.colcon_core.verb:set package 'auto_nav' build argument 'cmake_target_skip_unavailable' from command line to 'False'
[6.508s] Level 5:colcon.colcon_core.verb:set package 'auto_nav' build argument 'cmake_clean_cache' from command line to 'False'
[6.508s] Level 5:colcon.colcon_core.verb:set package 'auto_nav' build argument 'cmake_clean_first' from command line to 'False'
[6.508s] Level 5:colcon.colcon_core.verb:set package 'auto_nav' build argument 'cmake_force_configure' from command line to 'False'
[6.508s] Level 5:colcon.colcon_core.verb:set package 'auto_nav' build argument 'ament_cmake_args' from command line to 'None'
[6.508s] Level 5:colcon.colcon_core.verb:set package 'auto_nav' build argument 'catkin_cmake_args' from command line to 'None'
[6.509s] Level 5:colcon.colcon_core.verb:set package 'auto_nav' build argument 'catkin_skip_building_tests' from command line to 'False'
[6.509s] DEBUG:colcon.colcon_core.verb:Building package 'auto_nav' with the following arguments: {'ament_cmake_args': None, 'build_base': '/home/johnyeap01/colcon_ws/src/auto_nav/build/auto_nav', 'catkin_cmake_args': None, 'catkin_skip_building_tests': False, 'cmake_args': None, 'cmake_clean_cache': False, 'cmake_clean_first': False, 'cmake_force_configure': False, 'cmake_target': None, 'cmake_target_skip_unavailable': False, 'install_base': '/home/johnyeap01/colcon_ws/src/auto_nav/install/auto_nav', 'merge_install': False, 'path': '/home/johnyeap01/colcon_ws/src/auto_nav', 'symlink_install': False, 'test_result_base': None}
[6.559s] INFO:colcon.colcon_core.executor:Executing jobs using 'parallel' executor
[6.633s] DEBUG:colcon.colcon_parallel_executor.executor.parallel:run_until_complete
[6.633s] INFO:colcon.colcon_ros.task.ament_python.build:Building ROS package in '/home/johnyeap01/colcon_ws/src/auto_nav' with build type 'ament_python'
[6.633s] Level 1:colcon.colcon_core.shell:create_environment_hook('auto_nav', 'ament_prefix_path')
[6.688s] INFO:colcon.colcon_core.plugin_system:Skipping extension 'colcon_core.shell.bat': Not used on non-Windows systems
[6.689s] INFO:colcon.colcon_core.shell:Creating environment hook '/home/johnyeap01/colcon_ws/src/auto_nav/install/auto_nav/share/auto_nav/hook/ament_prefix_path.ps1'
[6.690s] INFO:colcon.colcon_core.shell:Creating environment descriptor '/home/johnyeap01/colcon_ws/src/auto_nav/install/auto_nav/share/auto_nav/hook/ament_prefix_path.dsv'
[6.690s] INFO:colcon.colcon_core.shell:Creating environment hook '/home/johnyeap01/colcon_ws/src/auto_nav/install/auto_nav/share/auto_nav/hook/ament_prefix_path.sh'
[6.771s] INFO:colcon.colcon_core.shell:Skip shell extension 'powershell' for command environment: Not usable outside of PowerShell
[6.771s] DEBUG:colcon.colcon_core.shell:Skip shell extension 'dsv' for command environment
[7.345s] INFO:colcon.colcon_core.task.python.build:Building Python package in '/home/johnyeap01/colcon_ws/src/auto_nav'
[7.394s] INFO:colcon.colcon_core.shell:Skip shell extension 'powershell' for command environment: Not usable outside of PowerShell
[7.394s] DEBUG:colcon.colcon_core.shell:Skip shell extension 'dsv' for command environment
[8.050s] DEBUG:colcon.colcon_core.event_handler.log_command:Invoking command in '/home/johnyeap01/colcon_ws/src/auto_nav': CONDA_PROMPT_MODIFIER=(base) PYTHONPATH=/home/johnyeap01/colcon_ws/src/auto_nav/build/auto_nav/prefix_override:/home/johnyeap01/colcon_ws/src/auto_nav/install/auto_nav/lib/python3.8/site-packages:${PYTHONPATH} /usr/bin/python3 setup.py egg_info --egg-base build/auto_nav build --build-base /home/johnyeap01/colcon_ws/src/auto_nav/build/auto_nav/build install --record /home/johnyeap01/colcon_ws/src/auto_nav/build/auto_nav/install.log --install-scripts $base/lib/auto_nav --single-version-externally-managed
[8.445s] DEBUG:colcon.colcon_core.event_handler.log_command:Invoked command in '/home/johnyeap01/colcon_ws/src/auto_nav' returned '0': CONDA_PROMPT_MODIFIER=(base) PYTHONPATH=/home/johnyeap01/colcon_ws/src/auto_nav/build/auto_nav/prefix_override:/home/johnyeap01/colcon_ws/src/auto_nav/install/auto_nav/lib/python3.8/site-packages:${PYTHONPATH} /usr/bin/python3 setup.py egg_info --egg-base build/auto_nav build --build-base /home/johnyeap01/colcon_ws/src/auto_nav/build/auto_nav/build install --record /home/johnyeap01/colcon_ws/src/auto_nav/build/auto_nav/install.log --install-scripts $base/lib/auto_nav --single-version-externally-managed
[8.506s] Level 1:colcon.colcon_core.environment:checking '/home/johnyeap01/colcon_ws/src/auto_nav/install/auto_nav' for CMake module files
[8.506s] Level 1:colcon.colcon_core.environment:checking '/home/johnyeap01/colcon_ws/src/auto_nav/install/auto_nav' for CMake config files
[8.507s] Level 1:colcon.colcon_core.environment:checking '/home/johnyeap01/colcon_ws/src/auto_nav/install/auto_nav/lib'
[8.507s] Level 1:colcon.colcon_core.environment:checking '/home/johnyeap01/colcon_ws/src/auto_nav/install/auto_nav/bin'
[8.507s] Level 1:colcon.colcon_core.environment:checking '/home/johnyeap01/colcon_ws/src/auto_nav/install/auto_nav/lib/pkgconfig/auto_nav.pc'
[8.508s] Level 1:colcon.colcon_core.environment:checking '/home/johnyeap01/colcon_ws/src/auto_nav/install/auto_nav/lib/python3.8/site-packages'
[8.508s] Level 1:colcon.colcon_core.shell:create_environment_hook('auto_nav', 'pythonpath')
[8.556s] INFO:colcon.colcon_core.shell:Creating environment hook '/home/johnyeap01/colcon_ws/src/auto_nav/install/auto_nav/share/auto_nav/hook/pythonpath.ps1'
[8.556s] INFO:colcon.colcon_core.shell:Creating environment descriptor '/home/johnyeap01/colcon_ws/src/auto_nav/install/auto_nav/share/auto_nav/hook/pythonpath.dsv'
[8.557s] INFO:colcon.colcon_core.shell:Creating environment hook '/home/johnyeap01/colcon_ws/src/auto_nav/install/auto_nav/share/auto_nav/hook/pythonpath.sh'
[8.557s] Level 1:colcon.colcon_core.environment:checking '/home/johnyeap01/colcon_ws/src/auto_nav/install/auto_nav/bin'
[8.558s] Level 1:colcon.colcon_core.environment:create_environment_scripts_only(auto_nav)
[8.610s] INFO:colcon.colcon_core.shell:Creating package script '/home/johnyeap01/colcon_ws/src/auto_nav/install/auto_nav/share/auto_nav/package.ps1'
[8.611s] INFO:colcon.colcon_core.shell:Creating package descriptor '/home/johnyeap01/colcon_ws/src/auto_nav/install/auto_nav/share/auto_nav/package.dsv'
[8.612s] INFO:colcon.colcon_core.shell:Creating package script '/home/johnyeap01/colcon_ws/src/auto_nav/install/auto_nav/share/auto_nav/package.sh'
[8.613s] INFO:colcon.colcon_core.shell:Creating package script '/home/johnyeap01/colcon_ws/src/auto_nav/install/auto_nav/share/auto_nav/package.bash'
[8.614s] INFO:colcon.colcon_core.shell:Creating package script '/home/johnyeap01/colcon_ws/src/auto_nav/install/auto_nav/share/auto_nav/package.zsh'
[8.615s] Level 1:colcon.colcon_core.environment:create_file_with_runtime_dependencies(/home/johnyeap01/colcon_ws/src/auto_nav/install/auto_nav/share/colcon-core/packages/auto_nav)
[8.615s] DEBUG:colcon.colcon_parallel_executor.executor.parallel:closing loop
[8.616s] DEBUG:colcon.colcon_parallel_executor.executor.parallel:loop closed
[8.616s] DEBUG:colcon.colcon_parallel_executor.executor.parallel:run_until_complete finished with '0'
[8.616s] DEBUG:colcon.colcon_core.event_reactor:joining thread
[8.676s] INFO:colcon.colcon_core.plugin_system:Skipping extension 'colcon_notification.desktop_notification.terminal_notifier': Not used on non-Darwin systems
[8.676s] INFO:colcon.colcon_core.plugin_system:Skipping extension 'colcon_notification.desktop_notification.win32': Not used on non-Windows systems
[8.676s] INFO:colcon.colcon_notification.desktop_notification:Sending desktop notification using 'notify2'
[8.700s] DEBUG:colcon.colcon_core.event_reactor:joined thread
[8.752s] INFO:colcon.colcon_core.shell:Creating prefix script '/home/johnyeap01/colcon_ws/src/auto_nav/install/local_setup.ps1'
[8.754s] INFO:colcon.colcon_core.shell:Creating prefix util module '/home/johnyeap01/colcon_ws/src/auto_nav/install/_local_setup_util_ps1.py'
[8.755s] INFO:colcon.colcon_core.shell:Creating prefix chain script '/home/johnyeap01/colcon_ws/src/auto_nav/install/setup.ps1'
[8.810s] INFO:colcon.colcon_core.shell:Creating prefix script '/home/johnyeap01/colcon_ws/src/auto_nav/install/local_setup.sh'
[8.811s] INFO:colcon.colcon_core.shell:Creating prefix util module '/home/johnyeap01/colcon_ws/src/auto_nav/install/_local_setup_util_sh.py'
[8.811s] INFO:colcon.colcon_core.shell:Creating prefix chain script '/home/johnyeap01/colcon_ws/src/auto_nav/install/setup.sh'
[8.863s] INFO:colcon.colcon_core.shell:Creating prefix script '/home/johnyeap01/colcon_ws/src/auto_nav/install/local_setup.bash'
[8.864s] INFO:colcon.colcon_core.shell:Creating prefix chain script '/home/johnyeap01/colcon_ws/src/auto_nav/install/setup.bash'
[8.913s] INFO:colcon.colcon_core.shell:Creating prefix script '/home/johnyeap01/colcon_ws/src/auto_nav/install/local_setup.zsh'
[8.913s] INFO:colcon.colcon_core.shell:Creating prefix chain script '/home/johnyeap01/colcon_ws/src/auto_nav/install/setup.zsh'
