[2.925s] Invoking command in '/home/johnyeap01/colcon_ws/src/auto_nav': CONDA_PROMPT_MODIFIER=(base) PYTHONPATH=/home/johnyeap01/colcon_ws/src/auto_nav/build/auto_nav/prefix_override:/home/johnyeap01/colcon_ws/src/auto_nav/install/auto_nav/lib/python3.8/site-packages:${PYTHONPATH} /usr/bin/python3 setup.py egg_info --egg-base build/auto_nav build --build-base /home/johnyeap01/colcon_ws/src/auto_nav/build/auto_nav/build install --record /home/johnyeap01/colcon_ws/src/auto_nav/build/auto_nav/install.log --install-scripts $base/lib/auto_nav --single-version-externally-managed
[3.954s] running egg_info
[3.955s] writing build/auto_nav/auto_nav.egg-info/PKG-INFO
[3.956s] writing dependency_links to build/auto_nav/auto_nav.egg-info/dependency_links.txt
[3.956s] writing entry points to build/auto_nav/auto_nav.egg-info/entry_points.txt
[3.957s] writing requirements to build/auto_nav/auto_nav.egg-info/requires.txt
[3.957s] writing top-level names to build/auto_nav/auto_nav.egg-info/top_level.txt
[4.053s] reading manifest file 'build/auto_nav/auto_nav.egg-info/SOURCES.txt'
[4.055s] writing manifest file 'build/auto_nav/auto_nav.egg-info/SOURCES.txt'
[4.055s] running build
[4.055s] running build_py
[4.056s] running install
[4.057s] running install_lib
[4.061s] running install_data
[4.064s] running install_egg_info
[4.073s] removing '/home/johnyeap01/colcon_ws/src/auto_nav/install/auto_nav/lib/python3.8/site-packages/auto_nav-0.0.0-py3.8.egg-info' (and everything under it)
[4.076s] Copying build/auto_nav/auto_nav.egg-info to /home/johnyeap01/colcon_ws/src/auto_nav/install/auto_nav/lib/python3.8/site-packages/auto_nav-0.0.0-py3.8.egg-info
[4.078s] running install_scripts
[4.118s] Installing map2base script to /home/johnyeap01/colcon_ws/src/auto_nav/install/auto_nav/lib/auto_nav
[4.119s] Installing move script to /home/johnyeap01/colcon_ws/src/auto_nav/install/auto_nav/lib/auto_nav
[4.119s] Installing r2auto_nav script to /home/johnyeap01/colcon_ws/src/auto_nav/install/auto_nav/lib/auto_nav
[4.119s] Installing r2mover script to /home/johnyeap01/colcon_ws/src/auto_nav/install/auto_nav/lib/auto_nav
[4.120s] Installing r2moverotate script to /home/johnyeap01/colcon_ws/src/auto_nav/install/auto_nav/lib/auto_nav
[4.120s] Installing r2occupancy script to /home/johnyeap01/colcon_ws/src/auto_nav/install/auto_nav/lib/auto_nav
[4.120s] Installing r2occupancy2 script to /home/johnyeap01/colcon_ws/src/auto_nav/install/auto_nav/lib/auto_nav
[4.120s] Installing r2scanner script to /home/johnyeap01/colcon_ws/src/auto_nav/install/auto_nav/lib/auto_nav
[4.120s] Installing scanner script to /home/johnyeap01/colcon_ws/src/auto_nav/install/auto_nav/lib/auto_nav
[4.122s] writing list of installed files to '/home/johnyeap01/colcon_ws/src/auto_nav/build/auto_nav/install.log'
[4.203s] Invoked command in '/home/johnyeap01/colcon_ws/src/auto_nav' returned '0': CONDA_PROMPT_MODIFIER=(base) PYTHONPATH=/home/johnyeap01/colcon_ws/src/auto_nav/build/auto_nav/prefix_override:/home/johnyeap01/colcon_ws/src/auto_nav/install/auto_nav/lib/python3.8/site-packages:${PYTHONPATH} /usr/bin/python3 setup.py egg_info --egg-base build/auto_nav build --build-base /home/johnyeap01/colcon_ws/src/auto_nav/build/auto_nav/build install --record /home/johnyeap01/colcon_ws/src/auto_nav/build/auto_nav/install.log --install-scripts $base/lib/auto_nav --single-version-externally-managed
