[3.031s] Invoking command in '/home/johnyeap01/colcon_ws/src/auto_nav': CONDA_PROMPT_MODIFIER=(base) PYTHONPATH=/home/johnyeap01/colcon_ws/src/auto_nav/build/auto_nav/prefix_override:/home/johnyeap01/colcon_ws/src/auto_nav/install/auto_nav/lib/python3.8/site-packages:${PYTHONPATH} /usr/bin/python3 setup.py egg_info --egg-base build/auto_nav build --build-base /home/johnyeap01/colcon_ws/src/auto_nav/build/auto_nav/build install --record /home/johnyeap01/colcon_ws/src/auto_nav/build/auto_nav/install.log --install-scripts $base/lib/auto_nav --single-version-externally-managed
[3.673s] running egg_info
[3.675s] writing build/auto_nav/auto_nav.egg-info/PKG-INFO
[3.676s] writing dependency_links to build/auto_nav/auto_nav.egg-info/dependency_links.txt
[3.679s] writing entry points to build/auto_nav/auto_nav.egg-info/entry_points.txt
[3.680s] writing requirements to build/auto_nav/auto_nav.egg-info/requires.txt
[3.680s] writing top-level names to build/auto_nav/auto_nav.egg-info/top_level.txt
[3.766s] reading manifest file 'build/auto_nav/auto_nav.egg-info/SOURCES.txt'
[3.767s] writing manifest file 'build/auto_nav/auto_nav.egg-info/SOURCES.txt'
[3.768s] running build
[3.769s] running build_py
[3.774s] running install
[3.775s] running install_lib
[3.781s] running install_data
[3.782s] running install_egg_info
[3.788s] removing '/home/johnyeap01/colcon_ws/src/auto_nav/install/auto_nav/lib/python3.8/site-packages/auto_nav-0.0.0-py3.8.egg-info' (and everything under it)
[3.790s] Copying build/auto_nav/auto_nav.egg-info to /home/johnyeap01/colcon_ws/src/auto_nav/install/auto_nav/lib/python3.8/site-packages/auto_nav-0.0.0-py3.8.egg-info
[3.792s] running install_scripts
[3.843s] Installing map2base script to /home/johnyeap01/colcon_ws/src/auto_nav/install/auto_nav/lib/auto_nav
[3.844s] Installing move script to /home/johnyeap01/colcon_ws/src/auto_nav/install/auto_nav/lib/auto_nav
[3.844s] Installing r2auto_nav script to /home/johnyeap01/colcon_ws/src/auto_nav/install/auto_nav/lib/auto_nav
[3.845s] Installing r2mover script to /home/johnyeap01/colcon_ws/src/auto_nav/install/auto_nav/lib/auto_nav
[3.845s] Installing r2moverotate script to /home/johnyeap01/colcon_ws/src/auto_nav/install/auto_nav/lib/auto_nav
[3.846s] Installing r2occupancy script to /home/johnyeap01/colcon_ws/src/auto_nav/install/auto_nav/lib/auto_nav
[3.847s] Installing r2occupancy2 script to /home/johnyeap01/colcon_ws/src/auto_nav/install/auto_nav/lib/auto_nav
[3.848s] Installing r2scanner script to /home/johnyeap01/colcon_ws/src/auto_nav/install/auto_nav/lib/auto_nav
[3.848s] Installing scanner script to /home/johnyeap01/colcon_ws/src/auto_nav/install/auto_nav/lib/auto_nav
[3.848s] writing list of installed files to '/home/johnyeap01/colcon_ws/src/auto_nav/build/auto_nav/install.log'
[3.939s] Invoked command in '/home/johnyeap01/colcon_ws/src/auto_nav' returned '0': CONDA_PROMPT_MODIFIER=(base) PYTHONPATH=/home/johnyeap01/colcon_ws/src/auto_nav/build/auto_nav/prefix_override:/home/johnyeap01/colcon_ws/src/auto_nav/install/auto_nav/lib/python3.8/site-packages:${PYTHONPATH} /usr/bin/python3 setup.py egg_info --egg-base build/auto_nav build --build-base /home/johnyeap01/colcon_ws/src/auto_nav/build/auto_nav/build install --record /home/johnyeap01/colcon_ws/src/auto_nav/build/auto_nav/install.log --install-scripts $base/lib/auto_nav --single-version-externally-managed
