[5.514s] DEBUG:colcon:Command line arguments: ['/usr/bin/colcon', 'build', '--packages-select', 'auto_nav']
[5.515s] DEBUG:colcon:Parsed command line arguments: Namespace(allow_overriding=[], ament_cmake_args=None, base_paths=['.'], build_base='build', catkin_cmake_args=None, catkin_skip_building_tests=False, cmake_args=None, cmake_clean_cache=False, cmake_clean_first=False, cmake_force_configure=False, cmake_target=None, cmake_target_skip_unavailable=False, continue_on_error=False, event_handlers=None, executor='parallel', ignore_user_meta=False, install_base='install', log_base=None, log_level=None, main=<bound method BuildVerb.main of <colcon_core.verb.build.BuildVerb object at 0x7f2bbb1a6b50>>, merge_install=False, metas=['./colcon.meta'], packages_above=None, packages_above_and_dependencies=None, packages_above_depth=None, packages_end=None, packages_ignore=None, packages_ignore_regex=None, packages_select=['auto_nav'], packages_select_build_failed=False, packages_select_by_dep=None, packages_select_regex=None, packages_select_test_failures=False, packages_skip=None, packages_skip_build_finished=False, packages_skip_by_dep=None, packages_skip_regex=None, packages_skip_test_passed=False, packages_skip_up_to=None, packages_start=None, packages_up_to=None, packages_up_to_regex=None, parallel_workers=4, paths=None, symlink_install=False, test_result_base=None, verb_extension=<colcon_core.verb.build.BuildVerb object at 0x7f2bbb1a6b50>, verb_name='build', verb_parser=<colcon_defaults.argument_parser.defaults.DefaultArgumentsDecorator object at 0x7f2bbad86640>)
[5.783s] Level 1:colcon.colcon_core.package_discovery:discover_packages(colcon_meta) check parameters
[5.784s] Level 1:colcon.colcon_core.package_discovery:discover_packages(recursive) check parameters
[5.784s] Level 1:colcon.colcon_core.package_discovery:discover_packages(ignore) check parameters
[5.784s] Level 1:colcon.colcon_core.package_discovery:discover_packages(path) check parameters
[5.784s] Level 1:colcon.colcon_core.package_discovery:discover_packages(colcon_meta) discover
[5.784s] Level 1:colcon.colcon_core.package_discovery:discover_packages(recursive) discover
[5.784s] INFO:colcon.colcon_core.package_discovery:Crawling recursively for packages in '/home/johnyeap01/colcon_ws/src/auto_nav'
[5.784s] Level 1:colcon.colcon_core.package_identification:_identify(.) by extensions ['ignore', 'ignore_ament_install']
[5.785s] Level 1:colcon.colcon_core.package_identification:_identify(.) by extension 'ignore'
[5.785s] Level 1:colcon.colcon_core.package_identification:_identify(.) by extension 'ignore_ament_install'
[5.785s] Level 1:colcon.colcon_core.package_identification:_identify(.) by extensions ['colcon_pkg']
[5.785s] Level 1:colcon.colcon_core.package_identification:_identify(.) by extension 'colcon_pkg'
[5.785s] Level 1:colcon.colcon_core.package_identification:_identify(.) by extensions ['colcon_meta']
[5.785s] Level 1:colcon.colcon_core.package_identification:_identify(.) by extension 'colcon_meta'
[5.785s] Level 1:colcon.colcon_core.package_identification:_identify(.) by extensions ['ros']
[5.785s] Level 1:colcon.colcon_core.package_identification:_identify(.) by extension 'ros'
[5.817s] DEBUG:colcon.colcon_core.package_identification:Package '.' with type 'ros.ament_python' and name 'auto_nav'
[5.817s] Level 1:colcon.colcon_core.package_discovery:discover_packages(recursive) using defaults
[5.817s] Level 1:colcon.colcon_core.package_discovery:discover_packages(ignore) discover
[5.817s] Level 1:colcon.colcon_core.package_discovery:discover_packages(ignore) using defaults
[5.817s] Level 1:colcon.colcon_core.package_discovery:discover_packages(path) discover
[5.817s] Level 1:colcon.colcon_core.package_discovery:discover_packages(path) using defaults
[6.321s] Level 1:colcon.colcon_core.package_discovery:discover_packages(prefix_path) check parameters
[6.321s] Level 1:colcon.colcon_core.package_discovery:discover_packages(prefix_path) discover
[6.510s] DEBUG:colcon.colcon_installed_package_information.package_discovery:Found 1 installed packages in /home/johnyeap01/colcon_ws/src/auto_nav/install
[6.591s] DEBUG:colcon.colcon_installed_package_information.package_discovery:Found 6 installed packages in /home/johnyeap01/colcon_ws/install
[6.680s] DEBUG:colcon.colcon_installed_package_information.package_discovery:Found 334 installed packages in /opt/ros/foxy
[6.685s] Level 1:colcon.colcon_core.package_discovery:discover_packages(prefix_path) using defaults
[7.032s] Level 5:colcon.colcon_core.verb:set package 'auto_nav' build argument 'cmake_args' from command line to 'None'
[7.032s] Level 5:colcon.colcon_core.verb:set package 'auto_nav' build argument 'cmake_target' from command line to 'None'
[7.032s] Level 5:colcon.colcon_core.verb:set package 'auto_nav' build argument 'cmake_target_skip_unavailable' from command line to 'False'
[7.032s] Level 5:colcon.colcon_core.verb:set package 'auto_nav' build argument 'cmake_clean_cache' from command line to 'False'
[7.033s] Level 5:colcon.colcon_core.verb:set package 'auto_nav' build argument 'cmake_clean_first' from command line to 'False'
[7.033s] Level 5:colcon.colcon_core.verb:set package 'auto_nav' build argument 'cmake_force_configure' from command line to 'False'
[7.033s] Level 5:colcon.colcon_core.verb:set package 'auto_nav' build argument 'ament_cmake_args' from command line to 'None'
[7.033s] Level 5:colcon.colcon_core.verb:set package 'auto_nav' build argument 'catkin_cmake_args' from command line to 'None'
[7.033s] Level 5:colcon.colcon_core.verb:set package 'auto_nav' build argument 'catkin_skip_building_tests' from command line to 'False'
[7.033s] DEBUG:colcon.colcon_core.verb:Building package 'auto_nav' with the following arguments: {'ament_cmake_args': None, 'build_base': '/home/johnyeap01/colcon_ws/src/auto_nav/build/auto_nav', 'catkin_cmake_args': None, 'catkin_skip_building_tests': False, 'cmake_args': None, 'cmake_clean_cache': False, 'cmake_clean_first': False, 'cmake_force_configure': False, 'cmake_target': None, 'cmake_target_skip_unavailable': False, 'install_base': '/home/johnyeap01/colcon_ws/src/auto_nav/install/auto_nav', 'merge_install': False, 'path': '/home/johnyeap01/colcon_ws/src/auto_nav', 'symlink_install': False, 'test_result_base': None}
[7.116s] INFO:colcon.colcon_core.executor:Executing jobs using 'parallel' executor
[7.208s] DEBUG:colcon.colcon_parallel_executor.executor.parallel:run_until_complete
[7.209s] INFO:colcon.colcon_ros.task.ament_python.build:Building ROS package in '/home/johnyeap01/colcon_ws/src/auto_nav' with build type 'ament_python'
[7.209s] Level 1:colcon.colcon_core.shell:create_environment_hook('auto_nav', 'ament_prefix_path')
[7.336s] INFO:colcon.colcon_core.plugin_system:Skipping extension 'colcon_core.shell.bat': Not used on non-Windows systems
[7.336s] INFO:colcon.colcon_core.shell:Creating environment hook '/home/johnyeap01/colcon_ws/src/auto_nav/install/auto_nav/share/auto_nav/hook/ament_prefix_path.ps1'
[7.337s] INFO:colcon.colcon_core.shell:Creating environment descriptor '/home/johnyeap01/colcon_ws/src/auto_nav/install/auto_nav/share/auto_nav/hook/ament_prefix_path.dsv'
[7.338s] INFO:colcon.colcon_core.shell:Creating environment hook '/home/johnyeap01/colcon_ws/src/auto_nav/install/auto_nav/share/auto_nav/hook/ament_prefix_path.sh'
[7.431s] INFO:colcon.colcon_core.shell:Skip shell extension 'powershell' for command environment: Not usable outside of PowerShell
[7.431s] DEBUG:colcon.colcon_core.shell:Skip shell extension 'dsv' for command environment
[8.300s] INFO:colcon.colcon_core.task.python.build:Building Python package in '/home/johnyeap01/colcon_ws/src/auto_nav'
[8.399s] INFO:colcon.colcon_core.shell:Skip shell extension 'powershell' for command environment: Not usable outside of PowerShell
[8.400s] DEBUG:colcon.colcon_core.shell:Skip shell extension 'dsv' for command environment
[9.671s] DEBUG:colcon.colcon_core.event_handler.log_command:Invoking command in '/home/johnyeap01/colcon_ws/src/auto_nav': CONDA_PROMPT_MODIFIER=(base) PYTHONPATH=/home/johnyeap01/colcon_ws/src/auto_nav/build/auto_nav/prefix_override:/home/johnyeap01/colcon_ws/src/auto_nav/install/auto_nav/lib/python3.8/site-packages:${PYTHONPATH} /usr/bin/python3 setup.py egg_info --egg-base build/auto_nav build --build-base /home/johnyeap01/colcon_ws/src/auto_nav/build/auto_nav/build install --record /home/johnyeap01/colcon_ws/src/auto_nav/build/auto_nav/install.log --install-scripts $base/lib/auto_nav --single-version-externally-managed
[10.365s] DEBUG:colcon.colcon_core.event_handler.log_command:Invoked command in '/home/johnyeap01/colcon_ws/src/auto_nav' returned '0': CONDA_PROMPT_MODIFIER=(base) PYTHONPATH=/home/johnyeap01/colcon_ws/src/auto_nav/build/auto_nav/prefix_override:/home/johnyeap01/colcon_ws/src/auto_nav/install/auto_nav/lib/python3.8/site-packages:${PYTHONPATH} /usr/bin/python3 setup.py egg_info --egg-base build/auto_nav build --build-base /home/johnyeap01/colcon_ws/src/auto_nav/build/auto_nav/build install --record /home/johnyeap01/colcon_ws/src/auto_nav/build/auto_nav/install.log --install-scripts $base/lib/auto_nav --single-version-externally-managed
[10.453s] Level 1:colcon.colcon_core.environment:checking '/home/johnyeap01/colcon_ws/src/auto_nav/install/auto_nav' for CMake module files
[10.455s] Level 1:colcon.colcon_core.environment:checking '/home/johnyeap01/colcon_ws/src/auto_nav/install/auto_nav' for CMake config files
[10.457s] Level 1:colcon.colcon_core.environment:checking '/home/johnyeap01/colcon_ws/src/auto_nav/install/auto_nav/lib'
[10.457s] Level 1:colcon.colcon_core.environment:checking '/home/johnyeap01/colcon_ws/src/auto_nav/install/auto_nav/bin'
[10.457s] Level 1:colcon.colcon_core.environment:checking '/home/johnyeap01/colcon_ws/src/auto_nav/install/auto_nav/lib/pkgconfig/auto_nav.pc'
[10.458s] Level 1:colcon.colcon_core.environment:checking '/home/johnyeap01/colcon_ws/src/auto_nav/install/auto_nav/lib/python3.8/site-packages'
[10.458s] Level 1:colcon.colcon_core.shell:create_environment_hook('auto_nav', 'pythonpath')
[10.597s] INFO:colcon.colcon_core.shell:Creating environment hook '/home/johnyeap01/colcon_ws/src/auto_nav/install/auto_nav/share/auto_nav/hook/pythonpath.ps1'
[10.598s] INFO:colcon.colcon_core.shell:Creating environment descriptor '/home/johnyeap01/colcon_ws/src/auto_nav/install/auto_nav/share/auto_nav/hook/pythonpath.dsv'
[10.599s] INFO:colcon.colcon_core.shell:Creating environment hook '/home/johnyeap01/colcon_ws/src/auto_nav/install/auto_nav/share/auto_nav/hook/pythonpath.sh'
[10.602s] Level 1:colcon.colcon_core.environment:checking '/home/johnyeap01/colcon_ws/src/auto_nav/install/auto_nav/bin'
[10.602s] Level 1:colcon.colcon_core.environment:create_environment_scripts_only(auto_nav)
[10.699s] INFO:colcon.colcon_core.shell:Creating package script '/home/johnyeap01/colcon_ws/src/auto_nav/install/auto_nav/share/auto_nav/package.ps1'
[10.700s] INFO:colcon.colcon_core.shell:Creating package descriptor '/home/johnyeap01/colcon_ws/src/auto_nav/install/auto_nav/share/auto_nav/package.dsv'
[10.701s] INFO:colcon.colcon_core.shell:Creating package script '/home/johnyeap01/colcon_ws/src/auto_nav/install/auto_nav/share/auto_nav/package.sh'
[10.702s] INFO:colcon.colcon_core.shell:Creating package script '/home/johnyeap01/colcon_ws/src/auto_nav/install/auto_nav/share/auto_nav/package.bash'
[10.703s] INFO:colcon.colcon_core.shell:Creating package script '/home/johnyeap01/colcon_ws/src/auto_nav/install/auto_nav/share/auto_nav/package.zsh'
[10.703s] Level 1:colcon.colcon_core.environment:create_file_with_runtime_dependencies(/home/johnyeap01/colcon_ws/src/auto_nav/install/auto_nav/share/colcon-core/packages/auto_nav)
[10.704s] DEBUG:colcon.colcon_parallel_executor.executor.parallel:closing loop
[10.705s] DEBUG:colcon.colcon_parallel_executor.executor.parallel:loop closed
[10.705s] DEBUG:colcon.colcon_parallel_executor.executor.parallel:run_until_complete finished with '0'
[10.705s] DEBUG:colcon.colcon_core.event_reactor:joining thread
[10.831s] INFO:colcon.colcon_core.plugin_system:Skipping extension 'colcon_notification.desktop_notification.terminal_notifier': Not used on non-Darwin systems
[10.831s] INFO:colcon.colcon_core.plugin_system:Skipping extension 'colcon_notification.desktop_notification.win32': Not used on non-Windows systems
[10.831s] INFO:colcon.colcon_notification.desktop_notification:Sending desktop notification using 'notify2'
[10.865s] DEBUG:colcon.colcon_core.event_reactor:joined thread
[10.958s] INFO:colcon.colcon_core.shell:Creating prefix script '/home/johnyeap01/colcon_ws/src/auto_nav/install/local_setup.ps1'
[10.960s] INFO:colcon.colcon_core.shell:Creating prefix util module '/home/johnyeap01/colcon_ws/src/auto_nav/install/_local_setup_util_ps1.py'
[10.962s] INFO:colcon.colcon_core.shell:Creating prefix chain script '/home/johnyeap01/colcon_ws/src/auto_nav/install/setup.ps1'
[11.078s] INFO:colcon.colcon_core.shell:Creating prefix script '/home/johnyeap01/colcon_ws/src/auto_nav/install/local_setup.sh'
[11.080s] INFO:colcon.colcon_core.shell:Creating prefix util module '/home/johnyeap01/colcon_ws/src/auto_nav/install/_local_setup_util_sh.py'
[11.081s] INFO:colcon.colcon_core.shell:Creating prefix chain script '/home/johnyeap01/colcon_ws/src/auto_nav/install/setup.sh'
[11.182s] INFO:colcon.colcon_core.shell:Creating prefix script '/home/johnyeap01/colcon_ws/src/auto_nav/install/local_setup.bash'
[11.183s] INFO:colcon.colcon_core.shell:Creating prefix chain script '/home/johnyeap01/colcon_ws/src/auto_nav/install/setup.bash'
[11.259s] INFO:colcon.colcon_core.shell:Creating prefix script '/home/johnyeap01/colcon_ws/src/auto_nav/install/local_setup.zsh'
[11.261s] INFO:colcon.colcon_core.shell:Creating prefix chain script '/home/johnyeap01/colcon_ws/src/auto_nav/install/setup.zsh'
