[6.268s] DEBUG:colcon:Command line arguments: ['/usr/bin/colcon', 'build', '--packages-select', 'auto_nav']
[6.268s] DEBUG:colcon:Parsed command line arguments: Namespace(allow_overriding=[], ament_cmake_args=None, base_paths=['.'], build_base='build', catkin_cmake_args=None, catkin_skip_building_tests=False, cmake_args=None, cmake_clean_cache=False, cmake_clean_first=False, cmake_force_configure=False, cmake_target=None, cmake_target_skip_unavailable=False, continue_on_error=False, event_handlers=None, executor='parallel', ignore_user_meta=False, install_base='install', log_base=None, log_level=None, main=<bound method BuildVerb.main of <colcon_core.verb.build.BuildVerb object at 0x7fac136ef040>>, merge_install=False, metas=['./colcon.meta'], packages_above=None, packages_above_and_dependencies=None, packages_above_depth=None, packages_end=None, packages_ignore=None, packages_ignore_regex=None, packages_select=['auto_nav'], packages_select_build_failed=False, packages_select_by_dep=None, packages_select_regex=None, packages_select_test_failures=False, packages_skip=None, packages_skip_build_finished=False, packages_skip_by_dep=None, packages_skip_regex=None, packages_skip_test_passed=False, packages_skip_up_to=None, packages_start=None, packages_up_to=None, packages_up_to_regex=None, parallel_workers=4, paths=None, symlink_install=False, test_result_base=None, verb_extension=<colcon_core.verb.build.BuildVerb object at 0x7fac136ef040>, verb_name='build', verb_parser=<colcon_defaults.argument_parser.defaults.DefaultArgumentsDecorator object at 0x7fac1368c4f0>)
[6.545s] Level 1:colcon.colcon_core.package_discovery:discover_packages(colcon_meta) check parameters
[6.545s] Level 1:colcon.colcon_core.package_discovery:discover_packages(recursive) check parameters
[6.546s] Level 1:colcon.colcon_core.package_discovery:discover_packages(ignore) check parameters
[6.546s] Level 1:colcon.colcon_core.package_discovery:discover_packages(path) check parameters
[6.546s] Level 1:colcon.colcon_core.package_discovery:discover_packages(colcon_meta) discover
[6.546s] Level 1:colcon.colcon_core.package_discovery:discover_packages(recursive) discover
[6.546s] INFO:colcon.colcon_core.package_discovery:Crawling recursively for packages in '/home/johnyeap01/colcon_ws/src/auto_nav'
[6.546s] Level 1:colcon.colcon_core.package_identification:_identify(.) by extensions ['ignore', 'ignore_ament_install']
[6.547s] Level 1:colcon.colcon_core.package_identification:_identify(.) by extension 'ignore'
[6.547s] Level 1:colcon.colcon_core.package_identification:_identify(.) by extension 'ignore_ament_install'
[6.548s] Level 1:colcon.colcon_core.package_identification:_identify(.) by extensions ['colcon_pkg']
[6.549s] Level 1:colcon.colcon_core.package_identification:_identify(.) by extension 'colcon_pkg'
[6.549s] Level 1:colcon.colcon_core.package_identification:_identify(.) by extensions ['colcon_meta']
[6.550s] Level 1:colcon.colcon_core.package_identification:_identify(.) by extension 'colcon_meta'
[6.550s] Level 1:colcon.colcon_core.package_identification:_identify(.) by extensions ['ros']
[6.550s] Level 1:colcon.colcon_core.package_identification:_identify(.) by extension 'ros'
[6.584s] DEBUG:colcon.colcon_core.package_identification:Package '.' with type 'ros.ament_python' and name 'auto_nav'
[6.585s] Level 1:colcon.colcon_core.package_discovery:discover_packages(recursive) using defaults
[6.585s] Level 1:colcon.colcon_core.package_discovery:discover_packages(ignore) discover
[6.585s] Level 1:colcon.colcon_core.package_discovery:discover_packages(ignore) using defaults
[6.585s] Level 1:colcon.colcon_core.package_discovery:discover_packages(path) discover
[6.586s] Level 1:colcon.colcon_core.package_discovery:discover_packages(path) using defaults
[7.253s] Level 1:colcon.colcon_core.package_discovery:discover_packages(prefix_path) check parameters
[7.253s] Level 1:colcon.colcon_core.package_discovery:discover_packages(prefix_path) discover
[7.493s] DEBUG:colcon.colcon_installed_package_information.package_discovery:Found 6 installed packages in /home/johnyeap01/colcon_ws/install
[7.608s] DEBUG:colcon.colcon_installed_package_information.package_discovery:Found 334 installed packages in /opt/ros/foxy
[7.612s] Level 1:colcon.colcon_core.package_discovery:discover_packages(prefix_path) using defaults
[8.107s] Level 5:colcon.colcon_core.verb:set package 'auto_nav' build argument 'cmake_args' from command line to 'None'
[8.107s] Level 5:colcon.colcon_core.verb:set package 'auto_nav' build argument 'cmake_target' from command line to 'None'
[8.107s] Level 5:colcon.colcon_core.verb:set package 'auto_nav' build argument 'cmake_target_skip_unavailable' from command line to 'False'
[8.107s] Level 5:colcon.colcon_core.verb:set package 'auto_nav' build argument 'cmake_clean_cache' from command line to 'False'
[8.108s] Level 5:colcon.colcon_core.verb:set package 'auto_nav' build argument 'cmake_clean_first' from command line to 'False'
[8.108s] Level 5:colcon.colcon_core.verb:set package 'auto_nav' build argument 'cmake_force_configure' from command line to 'False'
[8.108s] Level 5:colcon.colcon_core.verb:set package 'auto_nav' build argument 'ament_cmake_args' from command line to 'None'
[8.108s] Level 5:colcon.colcon_core.verb:set package 'auto_nav' build argument 'catkin_cmake_args' from command line to 'None'
[8.108s] Level 5:colcon.colcon_core.verb:set package 'auto_nav' build argument 'catkin_skip_building_tests' from command line to 'False'
[8.108s] DEBUG:colcon.colcon_core.verb:Building package 'auto_nav' with the following arguments: {'ament_cmake_args': None, 'build_base': '/home/johnyeap01/colcon_ws/src/auto_nav/build/auto_nav', 'catkin_cmake_args': None, 'catkin_skip_building_tests': False, 'cmake_args': None, 'cmake_clean_cache': False, 'cmake_clean_first': False, 'cmake_force_configure': False, 'cmake_target': None, 'cmake_target_skip_unavailable': False, 'install_base': '/home/johnyeap01/colcon_ws/src/auto_nav/install/auto_nav', 'merge_install': False, 'path': '/home/johnyeap01/colcon_ws/src/auto_nav', 'symlink_install': False, 'test_result_base': None}
[8.208s] INFO:colcon.colcon_core.executor:Executing jobs using 'parallel' executor
[8.306s] DEBUG:colcon.colcon_parallel_executor.executor.parallel:run_until_complete
[8.306s] INFO:colcon.colcon_ros.task.ament_python.build:Building ROS package in '/home/johnyeap01/colcon_ws/src/auto_nav' with build type 'ament_python'
[8.306s] Level 1:colcon.colcon_core.shell:create_environment_hook('auto_nav', 'ament_prefix_path')
[8.415s] INFO:colcon.colcon_core.plugin_system:Skipping extension 'colcon_core.shell.bat': Not used on non-Windows systems
[8.416s] INFO:colcon.colcon_core.shell:Creating environment hook '/home/johnyeap01/colcon_ws/src/auto_nav/install/auto_nav/share/auto_nav/hook/ament_prefix_path.ps1'
[8.420s] INFO:colcon.colcon_core.shell:Creating environment descriptor '/home/johnyeap01/colcon_ws/src/auto_nav/install/auto_nav/share/auto_nav/hook/ament_prefix_path.dsv'
[8.422s] INFO:colcon.colcon_core.shell:Creating environment hook '/home/johnyeap01/colcon_ws/src/auto_nav/install/auto_nav/share/auto_nav/hook/ament_prefix_path.sh'
[8.564s] INFO:colcon.colcon_core.shell:Skip shell extension 'powershell' for command environment: Not usable outside of PowerShell
[8.564s] DEBUG:colcon.colcon_core.shell:Skip shell extension 'dsv' for command environment
[9.596s] INFO:colcon.colcon_core.task.python.build:Building Python package in '/home/johnyeap01/colcon_ws/src/auto_nav'
[9.718s] INFO:colcon.colcon_core.shell:Skip shell extension 'powershell' for command environment: Not usable outside of PowerShell
[9.718s] DEBUG:colcon.colcon_core.shell:Skip shell extension 'dsv' for command environment
[11.370s] DEBUG:colcon.colcon_core.event_handler.log_command:Invoking command in '/home/johnyeap01/colcon_ws/src/auto_nav': CONDA_PROMPT_MODIFIER=(base) PYTHONPATH=/home/johnyeap01/colcon_ws/src/auto_nav/build/auto_nav/prefix_override:/home/johnyeap01/colcon_ws/src/auto_nav/install/auto_nav/lib/python3.8/site-packages:${PYTHONPATH} /usr/bin/python3 setup.py egg_info --egg-base build/auto_nav build --build-base /home/johnyeap01/colcon_ws/src/auto_nav/build/auto_nav/build install --record /home/johnyeap01/colcon_ws/src/auto_nav/build/auto_nav/install.log --install-scripts $base/lib/auto_nav --single-version-externally-managed
[12.232s] DEBUG:colcon.colcon_core.event_handler.log_command:Invoked command in '/home/johnyeap01/colcon_ws/src/auto_nav' returned '0': CONDA_PROMPT_MODIFIER=(base) PYTHONPATH=/home/johnyeap01/colcon_ws/src/auto_nav/build/auto_nav/prefix_override:/home/johnyeap01/colcon_ws/src/auto_nav/install/auto_nav/lib/python3.8/site-packages:${PYTHONPATH} /usr/bin/python3 setup.py egg_info --egg-base build/auto_nav build --build-base /home/johnyeap01/colcon_ws/src/auto_nav/build/auto_nav/build install --record /home/johnyeap01/colcon_ws/src/auto_nav/build/auto_nav/install.log --install-scripts $base/lib/auto_nav --single-version-externally-managed
[12.357s] Level 1:colcon.colcon_core.environment:checking '/home/johnyeap01/colcon_ws/src/auto_nav/install/auto_nav' for CMake module files
[12.359s] Level 1:colcon.colcon_core.environment:checking '/home/johnyeap01/colcon_ws/src/auto_nav/install/auto_nav' for CMake config files
[12.363s] Level 1:colcon.colcon_core.environment:checking '/home/johnyeap01/colcon_ws/src/auto_nav/install/auto_nav/lib'
[12.363s] Level 1:colcon.colcon_core.environment:checking '/home/johnyeap01/colcon_ws/src/auto_nav/install/auto_nav/bin'
[12.363s] Level 1:colcon.colcon_core.environment:checking '/home/johnyeap01/colcon_ws/src/auto_nav/install/auto_nav/lib/pkgconfig/auto_nav.pc'
[12.365s] Level 1:colcon.colcon_core.environment:checking '/home/johnyeap01/colcon_ws/src/auto_nav/install/auto_nav/lib/python3.8/site-packages'
[12.365s] Level 1:colcon.colcon_core.shell:create_environment_hook('auto_nav', 'pythonpath')
[12.506s] INFO:colcon.colcon_core.shell:Creating environment hook '/home/johnyeap01/colcon_ws/src/auto_nav/install/auto_nav/share/auto_nav/hook/pythonpath.ps1'
[12.507s] INFO:colcon.colcon_core.shell:Creating environment descriptor '/home/johnyeap01/colcon_ws/src/auto_nav/install/auto_nav/share/auto_nav/hook/pythonpath.dsv'
[12.508s] INFO:colcon.colcon_core.shell:Creating environment hook '/home/johnyeap01/colcon_ws/src/auto_nav/install/auto_nav/share/auto_nav/hook/pythonpath.sh'
[12.510s] Level 1:colcon.colcon_core.environment:checking '/home/johnyeap01/colcon_ws/src/auto_nav/install/auto_nav/bin'
[12.511s] Level 1:colcon.colcon_core.environment:create_environment_scripts_only(auto_nav)
[12.625s] INFO:colcon.colcon_core.shell:Creating package script '/home/johnyeap01/colcon_ws/src/auto_nav/install/auto_nav/share/auto_nav/package.ps1'
[12.630s] INFO:colcon.colcon_core.shell:Creating package descriptor '/home/johnyeap01/colcon_ws/src/auto_nav/install/auto_nav/share/auto_nav/package.dsv'
[12.632s] INFO:colcon.colcon_core.shell:Creating package script '/home/johnyeap01/colcon_ws/src/auto_nav/install/auto_nav/share/auto_nav/package.sh'
[12.635s] INFO:colcon.colcon_core.shell:Creating package script '/home/johnyeap01/colcon_ws/src/auto_nav/install/auto_nav/share/auto_nav/package.bash'
[12.638s] INFO:colcon.colcon_core.shell:Creating package script '/home/johnyeap01/colcon_ws/src/auto_nav/install/auto_nav/share/auto_nav/package.zsh'
[12.643s] Level 1:colcon.colcon_core.environment:create_file_with_runtime_dependencies(/home/johnyeap01/colcon_ws/src/auto_nav/install/auto_nav/share/colcon-core/packages/auto_nav)
[12.646s] DEBUG:colcon.colcon_parallel_executor.executor.parallel:closing loop
[12.647s] DEBUG:colcon.colcon_parallel_executor.executor.parallel:loop closed
[12.648s] DEBUG:colcon.colcon_parallel_executor.executor.parallel:run_until_complete finished with '0'
[12.648s] DEBUG:colcon.colcon_core.event_reactor:joining thread
[12.800s] INFO:colcon.colcon_core.plugin_system:Skipping extension 'colcon_notification.desktop_notification.terminal_notifier': Not used on non-Darwin systems
[12.800s] INFO:colcon.colcon_core.plugin_system:Skipping extension 'colcon_notification.desktop_notification.win32': Not used on non-Windows systems
[12.800s] INFO:colcon.colcon_notification.desktop_notification:Sending desktop notification using 'notify2'
[12.865s] DEBUG:colcon.colcon_core.event_reactor:joined thread
[13.010s] INFO:colcon.colcon_core.shell:Creating prefix script '/home/johnyeap01/colcon_ws/src/auto_nav/install/local_setup.ps1'
[13.012s] INFO:colcon.colcon_core.shell:Creating prefix util module '/home/johnyeap01/colcon_ws/src/auto_nav/install/_local_setup_util_ps1.py'
[13.015s] INFO:colcon.colcon_core.shell:Creating prefix chain script '/home/johnyeap01/colcon_ws/src/auto_nav/install/setup.ps1'
[13.162s] INFO:colcon.colcon_core.shell:Creating prefix script '/home/johnyeap01/colcon_ws/src/auto_nav/install/local_setup.sh'
[13.166s] INFO:colcon.colcon_core.shell:Creating prefix util module '/home/johnyeap01/colcon_ws/src/auto_nav/install/_local_setup_util_sh.py'
[13.168s] INFO:colcon.colcon_core.shell:Creating prefix chain script '/home/johnyeap01/colcon_ws/src/auto_nav/install/setup.sh'
[13.288s] INFO:colcon.colcon_core.shell:Creating prefix script '/home/johnyeap01/colcon_ws/src/auto_nav/install/local_setup.bash'
[13.296s] INFO:colcon.colcon_core.shell:Creating prefix chain script '/home/johnyeap01/colcon_ws/src/auto_nav/install/setup.bash'
[13.415s] INFO:colcon.colcon_core.shell:Creating prefix script '/home/johnyeap01/colcon_ws/src/auto_nav/install/local_setup.zsh'
[13.419s] INFO:colcon.colcon_core.shell:Creating prefix chain script '/home/johnyeap01/colcon_ws/src/auto_nav/install/setup.zsh'
